<?xml version="1.0" encoding="UTF-8"?>
<!-- Generated by org.testng.reporters.JUnitReportReporter -->
<testsuite hostname="DESKTOP-GKTUPAT" failures="0" tests="1" name="com.example.mytestcase.App" time="2.101" errors="0" timestamp="2025-10-05T07:37:19 IST" skipped="0">
  <testcase classname="com.example.mytestcase.App" name="verifyTitle" time="2.101"/>
  <system-out/>
</testsuite> <!-- com.example.mytestcase.App -->
