<?xml version="1.0" encoding="UTF-8"?>
<!-- Generated by org.testng.reporters.JUnitReportReporter -->
<testsuite hostname="DESKTOP-GKTUPAT" failures="0" tests="1" name="com.example.mytestcase.AppTest" time="2.136" errors="0" timestamp="2025-10-05T09:18:13 IST" skipped="0">
  <testcase classname="com.example.mytestcase.AppTest" name="verifyTitle" time="2.136"/>
  <system-out/>
</testsuite> <!-- com.example.mytestcase.AppTest -->
